[0622/234548:ERROR:process_info.cc(330)] VirtualQueryEx: Access is denied. (0x5)
[0622/234548:ERROR:process_info.cc(547)] ReadMemoryInfo failed
[0622/234548:ERROR:process_info.cc(608)] range at 0x7ffe63855200, size 0x40 fully unreadable
[0622/234548:ERROR:process_info.cc(608)] range at 0x7ffe63821410, size 0x12 fully unreadable
[0622/234548:ERROR:process_info.cc(608)] range at 0x7ffe63821410, size 0x12 fully unreadable
[0622/234548:ERROR:process_info.cc(608)] range at 0x7ffe63821410, size 0x12 fully unreadable
[0622/234548:ERROR:process_info.cc(608)] range at 0xca1a3ed000000000, size 0x1e3 fully unreadable
[0622/234548:ERROR:process_info.cc(608)] range at 0xca1a3f3000000000, size 0x1e3 fully unreadable
[0622/234548:ERROR:process_info.cc(608)] range at 0x0, size 0x1e3 fully unreadable
[0622/234548:ERROR:process_info.cc(608)] range at 0x7ffe638521e0, size 0x28 fully unreadable
[0622/234548:ERROR:process_info.cc(608)] range at 0x7ffe63852d48, size 0x30 fully unreadable
[0622/234548:ERROR:process_reader_win.cc(233)] ReadMemory at 0x7ff76c210000 of 64 bytes failed: Only part of a ReadProcessMemory or WriteProcessMemory request was completed. (0x12B)
[0622/234548:WARNING:pe_image_reader.cc(281)] could not read dos header from C:\Program Files (x86)\Google\Chrome\Application\chrome.exe
[0622/234548:ERROR:process_reader_win.cc(233)] ReadMemory at 0x7ffe6037e620 of 45 bytes failed: Only part of a ReadProcessMemory or WriteProcessMemory request was completed. (0x12B)
[0622/234548:WARNING:pe_image_reader.cc(155)] could not read debug directory from C:\WINDOWS\system32\bcryptPrimitives.dll
[0622/234548:ERROR:process_reader_win.cc(233)] ReadMemory at 0x7ffe5f7d0000 of 64 bytes failed: Only part of a ReadProcessMemory or WriteProcessMemory request was completed. (0x12B)
[0622/234548:WARNING:pe_image_reader.cc(281)] could not read dos header from C:\WINDOWS\SYSTEM32\CRYPTBASE.DLL
[0622/234548:ERROR:process_reader_win.cc(233)] ReadMemory at 0x7ffe55000000 of 64 bytes failed: Only part of a ReadProcessMemory or WriteProcessMemory request was completed. (0x12B)
[0622/234548:WARNING:pe_image_reader.cc(281)] could not read dos header from C:\Program Files (x86)\Google\Chrome\Application\52.0.2743.41\chrome_elf.dll
[0622/234548:ERROR:process_reader_win.cc(233)] ReadMemory at 0x7ffe5d3c0000 of 64 bytes failed: Only part of a ReadProcessMemory or WriteProcessMemory request was completed. (0x12B)
[0622/234548:WARNING:pe_image_reader.cc(281)] could not read dos header from C:\WINDOWS\SYSTEM32\VERSION.dll
[0622/234548:ERROR:process_reader_win.cc(233)] ReadMemory at 0x7ffe5fe80000 of 64 bytes failed: Only part of a ReadProcessMemory or WriteProcessMemory request was completed. (0x12B)
[0622/234548:WARNING:pe_image_reader.cc(281)] could not read dos header from C:\WINDOWS\system32\cfgmgr32.dll
[0622/234548:ERROR:process_reader_win.cc(233)] ReadMemory at 0x7ffe5d8b0000 of 64 bytes failed: Only part of a ReadProcessMemory or WriteProcessMemory request was completed. (0x12B)
[0622/234548:WARNING:pe_image_reader.cc(281)] could not read dos header from C:\WINDOWS\SYSTEM32\WINMMBASE.dll
[0622/234548:ERROR:process_reader_win.cc(233)] ReadMemory at 0x7ffe634b0000 of 64 bytes failed: Only part of a ReadProcessMemory or WriteProcessMemory request was completed. (0x12B)
[0622/234548:WARNING:pe_image_reader.cc(281)] could not read dos header from C:\WINDOWS\system32\GDI32.dll
[0622/234548:ERROR:process_reader_win.cc(233)] ReadMemory at 0x7ffe61370000 of 64 bytes failed: Only part of a ReadProcessMemory or WriteProcessMemory request was completed. (0x12B)
[0622/234548:WARNING:pe_image_reader.cc(281)] could not read dos header from C:\WINDOWS\system32\USER32.dll
[0622/234548:ERROR:process_reader_win.cc(233)] ReadMemory at 0x7ffe618b0000 of 64 bytes failed: Only part of a ReadProcessMemory or WriteProcessMemory request was completed. (0x12B)
[0622/234548:WARNING:pe_image_reader.cc(281)] could not read dos header from C:\WINDOWS\system32\IMM32.DLL
[0622/234548:ERROR:process_reader_win.cc(233)] ReadMemory at 0x7ffe5d900000 of 64 bytes failed: Only part of a ReadProcessMemory or WriteProcessMemory request was completed. (0x12B)
[0622/234548:WARNING:pe_image_reader.cc(281)] could not read dos header from C:\WINDOWS\SYSTEM32\WINMM.dll
[0622/234548:ERROR:process_reader_win.cc(233)] ReadMemory at 0x7ffe5fda0000 of 64 bytes failed: Only part of a ReadProcessMemory or WriteProcessMemory request was completed. (0x12B)
[0622/234548:WARNING:pe_image_reader.cc(281)] could not read dos header from C:\WINDOWS\system32\profapi.dll
[0622/234548:ERROR:process_reader_win.cc(233)] ReadMemory at 0x7ffe5f490000 of 64 bytes failed: Only part of a ReadProcessMemory or WriteProcessMemory request was completed. (0x12B)
[0622/234548:WARNING:pe_image_reader.cc(281)] could not read dos header from C:\WINDOWS\SYSTEM32\USERENV.dll
[0622/234548:ERROR:process_reader_win.cc(233)] ReadMemory at 0x7ffe5e0c0000 of 64 bytes failed: Only part of a ReadProcessMemory or WriteProcessMemory request was completed. (0x12B)
[0622/234548:WARNING:pe_image_reader.cc(281)] could not read dos header from C:\WINDOWS\SYSTEM32\WTSAPI32.dll
[0622/234548:ERROR:process_reader_win.cc(233)] ReadMemory at 0x7ffe5b690000 of 64 bytes failed: Only part of a ReadProcessMemory or WriteProcessMemory request was completed. (0x12B)
[0622/234548:WARNING:pe_image_reader.cc(281)] could not read dos header from C:\WINDOWS\SYSTEM32\WINHTTP.dll
[0622/234548:ERROR:process_reader_win.cc(233)] ReadMemory at 0x7ffe63080000 of 64 bytes failed: Only part of a ReadProcessMemory or WriteProcessMemory request was completed. (0x12B)
[0622/234548:WARNING:pe_image_reader.cc(281)] could not read dos header from C:\WINDOWS\system32\combase.dll
[0622/234548:ERROR:process_reader_win.cc(233)] ReadMemory at 0x7ffe61260000 of 64 bytes failed: Only part of a ReadProcessMemory or WriteProcessMemory request was completed. (0x12B)
[0622/234548:WARNING:pe_image_reader.cc(281)] could not read dos header from C:\WINDOWS\system32\shlwapi.dll
[0622/234548:ERROR:process_reader_win.cc(233)] ReadMemory at 0x7ffe5fd90000 of 64 bytes failed: Only part of a ReadProcessMemory or WriteProcessMemory request was completed. (0x12B)
[0622/234548:WARNING:pe_image_reader.cc(281)] could not read dos header from C:\WINDOWS\system32\kernel.appcore.dll
[0622/234548:ERROR:process_reader_win.cc(233)] ReadMemory at 0x7ffe5fdc0000 of 64 bytes failed: Only part of a ReadProcessMemory or WriteProcessMemory request was completed. (0x12B)
[0622/234548:WARNING:pe_image_reader.cc(281)] could not read dos header from C:\WINDOWS\system32\shcore.dll
[0622/234548:ERROR:process_reader_win.cc(233)] ReadMemory at 0x7ffe5fd40000 of 64 bytes failed: Only part of a ReadProcessMemory or WriteProcessMemory request was completed. (0x12B)
[0622/234548:WARNING:pe_image_reader.cc(281)] could not read dos header from C:\WINDOWS\system32\powrprof.dll
[0622/234548:ERROR:process_reader_win.cc(233)] ReadMemory at 0x7ffe604c0000 of 64 bytes failed: Only part of a ReadProcessMemory or WriteProcessMemory request was completed. (0x12B)
[0622/234548:WARNING:pe_image_reader.cc(281)] could not read dos header from C:\WINDOWS\system32\windows.storage.dll
[0622/234548:ERROR:process_reader_win.cc(233)] ReadMemory at 0x7ffe619a0000 of 64 bytes failed: Only part of a ReadProcessMemory or WriteProcessMemory request was completed. (0x12B)
[0622/234548:WARNING:pe_image_reader.cc(281)] could not read dos header from C:\WINDOWS\system32\SHELL32.dll
[0622/234548:ERROR:process_reader_win.cc(233)] ReadMemory at 0x7ffe614d0000 of 64 bytes failed: Only part of a ReadProcessMemory or WriteProcessMemory request was completed. (0x12B)
[0622/234548:WARNING:pe_image_reader.cc(281)] could not read dos header from C:\WINDOWS\system32\PSAPI.DLL
[0622/234548:ERROR:process_reader_win.cc(233)] ReadMemory at 0x7ffe5fc60000 of 64 bytes failed: Only part of a ReadProcessMemory or WriteProcessMemory request was completed. (0x12B)
[0622/234548:WARNING:pe_image_reader.cc(281)] could not read dos header from C:\WINDOWS\SYSTEM32\bcrypt.dll
[0622/234548:ERROR:process_reader_win.cc(233)] ReadMemory at 0x7ffe5cd60000 of 64 bytes failed: Only part of a ReadProcessMemory or WriteProcessMemory request was completed. (0x12B)
[0622/234548:WARNING:pe_image_reader.cc(281)] could not read dos header from C:\WINDOWS\SYSTEM32\WINSPOOL.DRV
[0622/234548:ERROR:process_reader_win.cc(233)] ReadMemory at 0x7ffe5d140000 of 64 bytes failed: Only part of a ReadProcessMemory or WriteProcessMemory request was completed. (0x12B)
[0622/234548:WARNING:pe_image_reader.cc(281)] could not read dos header from C:\WINDOWS\WinSxS\amd64_microsoft.windows.common-controls_6595b64144ccf1df_6.0.10586.0_none_8c15ae12515e1c22\COMCTL32.dll
[0622/234548:ERROR:process_reader_win.cc(233)] ReadMemory at 0x7ffe60290000 of 64 bytes failed: Only part of a ReadProcessMemory or WriteProcessMemory request was completed. (0x12B)
[0622/234548:WARNING:pe_image_reader.cc(281)] could not read dos header from C:\WINDOWS\system32\FirewallAPI.dll
[0622/234548:ERROR:process_reader_win.cc(233)] ReadMemory at 0x7ffe5eab0000 of 64 bytes failed: Only part of a ReadProcessMemory or WriteProcessMemory request was completed. (0x12B)
[0622/234548:WARNING:pe_image_reader.cc(281)] could not read dos header from C:\WINDOWS\system32\fwbase.dll
[0622/234548:ERROR:process_reader_win.cc(233)] ReadMemory at 0x7ffe60390000 of 64 bytes failed: Only part of a ReadProcessMemory or WriteProcessMemory request was completed. (0x12B)
[0622/234548:WARNING:pe_image_reader.cc(281)] could not read dos header from C:\WINDOWS\system32\NETAPI32.dll
[0622/234548:ERROR:process_reader_win.cc(233)] ReadMemory at 0x7ffe5d100000 of 64 bytes failed: Only part of a ReadProcessMemory or WriteProcessMemory request was completed. (0x12B)
[0622/234548:WARNING:pe_image_reader.cc(281)] could not read dos header from C:\WINDOWS\SYSTEM32\DAVHLPR.DLL
[0622/234548:ERROR:process_reader_win.cc(233)] ReadMemory at 0x7ffe614e0000 of 64 bytes failed: Only part of a ReadProcessMemory or WriteProcessMemory request was completed. (0x12B)
[0622/234548:WARNING:pe_image_reader.cc(281)] could not read dos header from C:\WINDOWS\system32\COMDLG32.dll
[0622/234548:ERROR:process_reader_win.cc(233)] ReadMemory at 0x7ffe60b90000 of 64 bytes failed: Only part of a ReadProcessMemory or WriteProcessMemory request was completed. (0x12B)
[0622/234548:WARNING:pe_image_reader.cc(281)] could not read dos header from C:\WINDOWS\system32\ole32.dll
[0622/234548:ERROR:process_reader_win.cc(233)] ReadMemory at 0x7ffe63640000 of 64 bytes failed: Only part of a ReadProcessMemory or WriteProcessMemory request was completed. (0x12B)
[0622/234548:WARNING:pe_image_reader.cc(281)] could not read dos header from C:\WINDOWS\system32\OLEAUT32.dll
[0622/234548:ERROR:process_reader_win.cc(233)] ReadMemory at 0x7ffe5b7c0000 of 64 bytes failed: Only part of a ReadProcessMemory or WriteProcessMemory request was completed. (0x12B)
[0622/234548:WARNING:pe_image_reader.cc(281)] could not read dos header from C:\WINDOWS\SYSTEM32\IPHLPAPI.DLL
[0622/234548:ERROR:process_reader_win.cc(233)] ReadMemory at 0x7ffe617b0000 of 64 bytes failed: Only part of a ReadProcessMemory or WriteProcessMemory request was completed. (0x12B)
[0622/234548:WARNING:pe_image_reader.cc(281)] could not read dos header from C:\WINDOWS\system32\WS2_32.dll
[0622/234548:ERROR:process_reader_win.cc(233)] ReadMemory at 0x7ffe57550000 of 64 bytes failed: Only part of a ReadProcessMemory or WriteProcessMemory request was completed. (0x12B)
[0622/234548:WARNING:pe_image_reader.cc(281)] could not read dos header from C:\WINDOWS\SYSTEM32\USP10.dll
[0622/234548:ERROR:process_reader_win.cc(233)] ReadMemory at 0x7ffe5fd30000 of 64 bytes failed: Only part of a ReadProcessMemory or WriteProcessMemory request was completed. (0x12B)
[0622/234548:WARNING:pe_image_reader.cc(281)] could not read dos header from C:\WINDOWS\system32\MSASN1.dll
[0622/234548:ERROR:process_reader_win.cc(233)] ReadMemory at 0x7ffe600c0000 of 64 bytes failed: Only part of a ReadProcessMemory or WriteProcessMemory request was completed. (0x12B)
[0622/234548:WARNING:pe_image_reader.cc(281)] could not read dos header from C:\WINDOWS\system32\CRYPT32.dll
[0622/234548:ERROR:process_reader_win.cc(233)] ReadMemory at 0x7ffe60460000 of 64 bytes failed: Only part of a ReadProcessMemory or WriteProcessMemory request was completed. (0x12B)
[0622/234548:WARNING:pe_image_reader.cc(281)] could not read dos header from C:\WINDOWS\system32\WINTRUST.dll
[0622/234548:ERROR:process_reader_win.cc(233)] ReadMemory at 0x7ffe5b760000 of 64 bytes failed: Only part of a ReadProcessMemory or WriteProcessMemory request was completed. (0x12B)
[0622/234548:WARNING:pe_image_reader.cc(281)] could not read dos header from C:\WINDOWS\SYSTEM32\Secur32.dll
[0622/234548:ERROR:process_reader_win.cc(233)] ReadMemory at 0x7ffe5f9b0000 of 64 bytes failed: Only part of a ReadProcessMemory or WriteProcessMemory request was completed. (0x12B)
[0622/234548:WARNING:pe_image_reader.cc(281)] could not read dos header from C:\WINDOWS\SYSTEM32\SSPICLI.DLL
[0622/234548:ERROR:process_reader_win.cc(233)] ReadMemory at 0x7ffe24f80000 of 64 bytes failed: Only part of a ReadProcessMemory or WriteProcessMemory request was completed. (0x12B)
[0622/234548:WARNING:pe_image_reader.cc(281)] could not read dos header from C:\Program Files (x86)\Google\Chrome\Application\52.0.2743.41\chrome_child.dll
[0622/234548:ERROR:process_reader_win.cc(233)] ReadMemory at 0x7ffe553e0000 of 64 bytes failed: Only part of a ReadProcessMemory or WriteProcessMemory request was completed. (0x12B)
[0622/234548:WARNING:pe_image_reader.cc(281)] could not read dos header from C:\WINDOWS\SYSTEM32\dwrite.dll
[0622/234548:ERROR:process_reader_win.cc(233)] ReadMemory at 0x7ffe63855340 of 6656 bytes failed: Only part of a ReadProcessMemory or WriteProcessMemory request was completed. (0x12B)
[0622/234548:ERROR:process_reader_win.cc(233)] ReadMemory at 0x7ff76c210000 of 64 bytes failed: Only part of a ReadProcessMemory or WriteProcessMemory request was completed. (0x12B)
[0622/234548:WARNING:pe_image_reader.cc(281)] could not read dos header from C:\Program Files (x86)\Google\Chrome\Application\chrome.exe
[0622/234548:ERROR:process_reader_win.cc(233)] ReadMemory at 0x7ffe63710000 of 64 bytes failed: Only part of a ReadProcessMemory or WriteProcessMemory request was completed. (0x12B)
[0622/234548:WARNING:pe_image_reader.cc(281)] could not read dos header from C:\WINDOWS\SYSTEM32\ntdll.dll
[0622/234548:ERROR:process_reader_win.cc(233)] ReadMemory at 0x7ffe5fed0000 of 64 bytes failed: Only part of a ReadProcessMemory or WriteProcessMemory request was completed. (0x12B)
[0622/234548:WARNING:pe_image_reader.cc(281)] could not read dos header from C:\WINDOWS\system32\KERNELBASE.dll
[0622/234548:ERROR:process_reader_win.cc(233)] ReadMemory at 0x7ffe61110000 of 64 bytes failed: Only part of a ReadProcessMemory or WriteProcessMemory request was completed. (0x12B)
[0622/234548:WARNING:pe_image_reader.cc(281)] could not read dos header from C:\WINDOWS\system32\KERNEL32.DLL
[0622/234548:ERROR:process_reader_win.cc(233)] ReadMemory at 0x7ffe611c0000 of 64 bytes failed: Only part of a ReadProcessMemory or WriteProcessMemory request was completed. (0x12B)
[0622/234548:WARNING:pe_image_reader.cc(281)] could not read dos header from C:\WINDOWS\system32\msvcrt.dll
[0622/234548:ERROR:process_reader_win.cc(233)] ReadMemory at 0x7ffe62f60000 of 64 bytes failed: Only part of a ReadProcessMemory or WriteProcessMemory request was completed. (0x12B)
[0622/234548:WARNING:pe_image_reader.cc(281)] could not read dos header from C:\WINDOWS\system32\RPCRT4.dll
[0622/234548:ERROR:process_reader_win.cc(233)] ReadMemory at 0x7ffe61820000 of 64 bytes failed: Only part of a ReadProcessMemory or WriteProcessMemory request was completed. (0x12B)
[0622/234548:WARNING:pe_image_reader.cc(281)] could not read dos header from C:\WINDOWS\system32\sechost.dll
[0622/234548:ERROR:process_reader_win.cc(233)] ReadMemory at 0x7ffe612c0000 of 64 bytes failed: Only part of a ReadProcessMemory or WriteProcessMemory request was completed. (0x12B)
[0622/234548:WARNING:pe_image_reader.cc(281)] could not read dos header from C:\WINDOWS\system32\ADVAPI32.dll
[0622/234548:ERROR:process_reader_win.cc(233)] ReadMemory at 0x7ffe60320000 of 64 bytes failed: Only part of a ReadProcessMemory or WriteProcessMemory request was completed. (0x12B)
[0622/234548:WARNING:pe_image_reader.cc(281)] could not read dos header from C:\WINDOWS\system32\bcryptPrimitives.dll
[0622/234548:ERROR:process_reader_win.cc(233)] ReadMemory at 0x7ffe5f7d0000 of 64 bytes failed: Only part of a ReadProcessMemory or WriteProcessMemory request was completed. (0x12B)
[0622/234548:WARNING:pe_image_reader.cc(281)] could not read dos header from C:\WINDOWS\SYSTEM32\CRYPTBASE.DLL
[0622/234548:ERROR:process_reader_win.cc(233)] ReadMemory at 0x7ffe55000000 of 64 bytes failed: Only part of a ReadProcessMemory or WriteProcessMemory request was completed. (0x12B)
[0622/234548:WARNING:pe_image_reader.cc(281)] could not read dos header from C:\Program Files (x86)\Google\Chrome\Application\52.0.2743.41\chrome_elf.dll
[0622/234548:ERROR:process_reader_win.cc(233)] ReadMemory at 0x7ffe5d3c0000 of 64 bytes failed: Only part of a ReadProcessMemory or WriteProcessMemory request was completed. (0x12B)
[0622/234548:WARNING:pe_image_reader.cc(281)] could not read dos header from C:\WINDOWS\SYSTEM32\VERSION.dll
[0622/234548:ERROR:process_reader_win.cc(233)] ReadMemory at 0x7ffe5fe80000 of 64 bytes failed: Only part of a ReadProcessMemory or WriteProcessMemory request was completed. (0x12B)
[0622/234548:WARNING:pe_image_reader.cc(281)] could not read dos header from C:\WINDOWS\system32\cfgmgr32.dll
[0622/234548:ERROR:process_reader_win.cc(233)] ReadMemory at 0x7ffe5d8b0000 of 64 bytes failed: Only part of a ReadProcessMemory or WriteProcessMemory request was completed. (0x12B)
[0622/234548:WARNING:pe_image_reader.cc(281)] could not read dos header from C:\WINDOWS\SYSTEM32\WINMMBASE.dll
[0622/234548:ERROR:process_reader_win.cc(233)] ReadMemory at 0x7ffe634b0000 of 64 bytes failed: Only part of a ReadProcessMemory or WriteProcessMemory request was completed. (0x12B)
[0622/234548:WARNING:pe_image_reader.cc(281)] could not read dos header from C:\WINDOWS\system32\GDI32.dll
[0622/234548:ERROR:process_reader_win.cc(233)] ReadMemory at 0x7ffe61370000 of 64 bytes failed: Only part of a ReadProcessMemory or WriteProcessMemory request was completed. (0x12B)
[0622/234548:WARNING:pe_image_reader.cc(281)] could not read dos header from C:\WINDOWS\system32\USER32.dll
[0622/234548:ERROR:process_reader_win.cc(233)] ReadMemory at 0x7ffe618b0000 of 64 bytes failed: Only part of a ReadProcessMemory or WriteProcessMemory request was completed. (0x12B)
[0622/234548:WARNING:pe_image_reader.cc(281)] could not read dos header from C:\WINDOWS\system32\IMM32.DLL
[0622/234548:ERROR:process_reader_win.cc(233)] ReadMemory at 0x7ffe5d900000 of 64 bytes failed: Only part of a ReadProcessMemory or WriteProcessMemory request was completed. (0x12B)
[0622/234548:WARNING:pe_image_reader.cc(281)] could not read dos header from C:\WINDOWS\SYSTEM32\WINMM.dll
[0622/234548:ERROR:process_reader_win.cc(233)] ReadMemory at 0x7ffe5fda0000 of 64 bytes failed: Only part of a ReadProcessMemory or WriteProcessMemory request was completed. (0x12B)
[0622/234548:WARNING:pe_image_reader.cc(281)] could not read dos header from C:\WINDOWS\system32\profapi.dll
[0622/234548:ERROR:process_reader_win.cc(233)] ReadMemory at 0x7ffe5f490000 of 64 bytes failed: Only part of a ReadProcessMemory or WriteProcessMemory request was completed. (0x12B)
[0622/234548:WARNING:pe_image_reader.cc(281)] could not read dos header from C:\WINDOWS\SYSTEM32\USERENV.dll
[0622/234548:ERROR:process_reader_win.cc(233)] ReadMemory at 0x7ffe5e0c0000 of 64 bytes failed: Only part of a ReadProcessMemory or WriteProcessMemory request was completed. (0x12B)
[0622/234548:WARNING:pe_image_reader.cc(281)] could not read dos header from C:\WINDOWS\SYSTEM32\WTSAPI32.dll
[0622/234548:ERROR:process_reader_win.cc(233)] ReadMemory at 0x7ffe5b690000 of 64 bytes failed: Only part of a ReadProcessMemory or WriteProcessMemory request was completed. (0x12B)
[0622/234548:WARNING:pe_image_reader.cc(281)] could not read dos header from C:\WINDOWS\SYSTEM32\WINHTTP.dll
[0622/234548:ERROR:process_reader_win.cc(233)] ReadMemory at 0x7ffe63080000 of 64 bytes failed: Only part of a ReadProcessMemory or WriteProcessMemory request was completed. (0x12B)
[0622/234548:WARNING:pe_image_reader.cc(281)] could not read dos header from C:\WINDOWS\system32\combase.dll
[0622/234548:ERROR:process_reader_win.cc(233)] ReadMemory at 0x7ffe61260000 of 64 bytes failed: Only part of a ReadProcessMemory or WriteProcessMemory request was completed. (0x12B)
[0622/234548:WARNING:pe_image_reader.cc(281)] could not read dos header from C:\WINDOWS\system32\shlwapi.dll
[0622/234548:ERROR:process_reader_win.cc(233)] ReadMemory at 0x7ffe5fd90000 of 64 bytes failed: Only part of a ReadProcessMemory or WriteProcessMemory request was completed. (0x12B)
[0622/234548:WARNING:pe_image_reader.cc(281)] could not read dos header from C:\WINDOWS\system32\kernel.appcore.dll
[0622/234548:ERROR:process_reader_win.cc(233)] ReadMemory at 0x7ffe5fdc0000 of 64 bytes failed: Only part of a ReadProcessMemory or WriteProcessMemory request was completed. (0x12B)
[0622/234548:WARNING:pe_image_reader.cc(281)] could not read dos header from C:\WINDOWS\system32\shcore.dll
[0622/234548:ERROR:process_reader_win.cc(233)] ReadMemory at 0x7ffe5fd40000 of 64 bytes failed: Only part of a ReadProcessMemory or WriteProcessMemory request was completed. (0x12B)
[0622/234548:WARNING:pe_image_reader.cc(281)] could not read dos header from C:\WINDOWS\system32\powrprof.dll
[0622/234548:ERROR:process_reader_win.cc(233)] ReadMemory at 0x7ffe604c0000 of 64 bytes failed: Only part of a ReadProcessMemory or WriteProcessMemory request was completed. (0x12B)
[0622/234548:WARNING:pe_image_reader.cc(281)] could not read dos header from C:\WINDOWS\system32\windows.storage.dll
[0622/234548:ERROR:process_reader_win.cc(233)] ReadMemory at 0x7ffe619a0000 of 64 bytes failed: Only part of a ReadProcessMemory or WriteProcessMemory request was completed. (0x12B)
[0622/234548:WARNING:pe_image_reader.cc(281)] could not read dos header from C:\WINDOWS\system32\SHELL32.dll
[0622/234548:ERROR:process_reader_win.cc(233)] ReadMemory at 0x7ffe614d0000 of 64 bytes failed: Only part of a ReadProcessMemory or WriteProcessMemory request was completed. (0x12B)
[0622/234548:WARNING:pe_image_reader.cc(281)] could not read dos header from C:\WINDOWS\system32\PSAPI.DLL
[0622/234548:ERROR:process_reader_win.cc(233)] ReadMemory at 0x7ffe5fc60000 of 64 bytes failed: Only part of a ReadProcessMemory or WriteProcessMemory request was completed. (0x12B)
[0622/234548:WARNING:pe_image_reader.cc(281)] could not read dos header from C:\WINDOWS\SYSTEM32\bcrypt.dll
[0622/234548:ERROR:process_reader_win.cc(233)] ReadMemory at 0x7ffe5cd60000 of 64 bytes failed: Only part of a ReadProcessMemory or WriteProcessMemory request was completed. (0x12B)
[0622/234548:WARNING:pe_image_reader.cc(281)] could not read dos header from C:\WINDOWS\SYSTEM32\WINSPOOL.DRV
[0622/234548:ERROR:process_reader_win.cc(233)] ReadMemory at 0x7ffe5d140000 of 64 bytes failed: Only part of a ReadProcessMemory or WriteProcessMemory request was completed. (0x12B)
[0622/234548:WARNING:pe_image_reader.cc(281)] could not read dos header from C:\WINDOWS\WinSxS\amd64_microsoft.windows.common-controls_6595b64144ccf1df_6.0.10586.0_none_8c15ae12515e1c22\COMCTL32.dll
[0622/234548:ERROR:process_reader_win.cc(233)] ReadMemory at 0x7ffe60290000 of 64 bytes failed: Only part of a ReadProcessMemory or WriteProcessMemory request was completed. (0x12B)
[0622/234548:WARNING:pe_image_reader.cc(281)] could not read dos header from C:\WINDOWS\system32\FirewallAPI.dll
[0622/234548:ERROR:process_reader_win.cc(233)] ReadMemory at 0x7ffe5eab0000 of 64 bytes failed: Only part of a ReadProcessMemory or WriteProcessMemory request was completed. (0x12B)
[0622/234548:WARNING:pe_image_reader.cc(281)] could not read dos header from C:\WINDOWS\system32\fwbase.dll
[0622/234548:ERROR:process_reader_win.cc(233)] ReadMemory at 0x7ffe60390000 of 64 bytes failed: Only part of a ReadProcessMemory or WriteProcessMemory request was completed. (0x12B)
[0622/234548:WARNING:pe_image_reader.cc(281)] could not read dos header from C:\WINDOWS\system32\NETAPI32.dll
[0622/234548:ERROR:process_reader_win.cc(233)] ReadMemory at 0x7ffe5d100000 of 64 bytes failed: Only part of a ReadProcessMemory or WriteProcessMemory request was completed. (0x12B)
[0622/234548:WARNING:pe_image_reader.cc(281)] could not read dos header from C:\WINDOWS\SYSTEM32\DAVHLPR.DLL
[0622/234548:ERROR:process_reader_win.cc(233)] ReadMemory at 0x7ffe614e0000 of 64 bytes failed: Only part of a ReadProcessMemory or WriteProcessMemory request was completed. (0x12B)
[0622/234548:WARNING:pe_image_reader.cc(281)] could not read dos header from C:\WINDOWS\system32\COMDLG32.dll
[0622/234548:ERROR:process_reader_win.cc(233)] ReadMemory at 0x7ffe60b90000 of 64 bytes failed: Only part of a ReadProcessMemory or WriteProcessMemory request was completed. (0x12B)
[0622/234548:WARNING:pe_image_reader.cc(281)] could not read dos header from C:\WINDOWS\system32\ole32.dll
[0622/234548:ERROR:process_reader_win.cc(233)] ReadMemory at 0x7ffe63640000 of 64 bytes failed: Only part of a ReadProcessMemory or WriteProcessMemory request was completed. (0x12B)
[0622/234548:WARNING:pe_image_reader.cc(281)] could not read dos header from C:\WINDOWS\system32\OLEAUT32.dll
[0622/234548:ERROR:process_reader_win.cc(233)] ReadMemory at 0x7ffe5b7c0000 of 64 bytes failed: Only part of a ReadProcessMemory or WriteProcessMemory request was completed. (0x12B)
[0622/234548:WARNING:pe_image_reader.cc(281)] could not read dos header from C:\WINDOWS\SYSTEM32\IPHLPAPI.DLL
[0622/234548:ERROR:process_reader_win.cc(233)] ReadMemory at 0x7ffe617b0000 of 64 bytes failed: Only part of a ReadProcessMemory or WriteProcessMemory request was completed. (0x12B)
[0622/234548:WARNING:pe_image_reader.cc(281)] could not read dos header from C:\WINDOWS\system32\WS2_32.dll
[0622/234548:ERROR:process_reader_win.cc(233)] ReadMemory at 0x7ffe57550000 of 64 bytes failed: Only part of a ReadProcessMemory or WriteProcessMemory request was completed. (0x12B)
[0622/234548:WARNING:pe_image_reader.cc(281)] could not read dos header from C:\WINDOWS\SYSTEM32\USP10.dll
[0622/234548:ERROR:process_reader_win.cc(233)] ReadMemory at 0x7ffe5fd30000 of 64 bytes failed: Only part of a ReadProcessMemory or WriteProcessMemory request was completed. (0x12B)
[0622/234548:WARNING:pe_image_reader.cc(281)] could not read dos header from C:\WINDOWS\system32\MSASN1.dll
[0622/234548:ERROR:process_reader_win.cc(233)] ReadMemory at 0x7ffe600c0000 of 64 bytes failed: Only part of a ReadProcessMemory or WriteProcessMemory request was completed. (0x12B)
[0622/234548:WARNING:pe_image_reader.cc(281)] could not read dos header from C:\WINDOWS\system32\CRYPT32.dll
[0622/234548:ERROR:process_reader_win.cc(233)] ReadMemory at 0x7ffe60460000 of 64 bytes failed: Only part of a ReadProcessMemory or WriteProcessMemory request was completed. (0x12B)
[0622/234548:WARNING:pe_image_reader.cc(281)] could not read dos header from C:\WINDOWS\system32\WINTRUST.dll
[0622/234548:ERROR:process_reader_win.cc(233)] ReadMemory at 0x7ffe5b760000 of 64 bytes failed: Only part of a ReadProcessMemory or WriteProcessMemory request was completed. (0x12B)
[0622/234548:WARNING:pe_image_reader.cc(281)] could not read dos header from C:\WINDOWS\SYSTEM32\Secur32.dll
[0622/234548:ERROR:process_reader_win.cc(233)] ReadMemory at 0x7ffe5f9b0000 of 64 bytes failed: Only part of a ReadProcessMemory or WriteProcessMemory request was completed. (0x12B)
[0622/234548:WARNING:pe_image_reader.cc(281)] could not read dos header from C:\WINDOWS\SYSTEM32\SSPICLI.DLL
[0622/234548:ERROR:process_reader_win.cc(233)] ReadMemory at 0x7ffe24f80000 of 64 bytes failed: Only part of a ReadProcessMemory or WriteProcessMemory request was completed. (0x12B)
[0622/234548:WARNING:pe_image_reader.cc(281)] could not read dos header from C:\Program Files (x86)\Google\Chrome\Application\52.0.2743.41\chrome_child.dll
[0622/234548:ERROR:process_reader_win.cc(233)] ReadMemory at 0x7ffe553e0000 of 64 bytes failed: Only part of a ReadProcessMemory or WriteProcessMemory request was completed. (0x12B)
[0622/234548:WARNING:pe_image_reader.cc(281)] could not read dos header from C:\WINDOWS\SYSTEM32\dwrite.dll
[0622/234548:ERROR:process_reader_win.cc(99)] process 5440 not found
[0622/234548:ERROR:process_reader_win.cc(233)] ReadMemory at 0x7ff76c210000 of 64 bytes failed: Only part of a ReadProcessMemory or WriteProcessMemory request was completed. (0x12B)
[0622/234548:WARNING:pe_image_reader.cc(281)] could not read dos header from C:\Program Files (x86)\Google\Chrome\Application\chrome.exe
[0622/234548:ERROR:process_reader_win.cc(233)] ReadMemory at 0x7ffe63710000 of 64 bytes failed: Only part of a ReadProcessMemory or WriteProcessMemory request was completed. (0x12B)
[0622/234548:WARNING:pe_image_reader.cc(281)] could not read dos header from C:\WINDOWS\SYSTEM32\ntdll.dll
[0622/234548:ERROR:process_reader_win.cc(233)] ReadMemory at 0x7ffe5fed0000 of 64 bytes failed: Only part of a ReadProcessMemory or WriteProcessMemory request was completed. (0x12B)
[0622/234548:WARNING:pe_image_reader.cc(281)] could not read dos header from C:\WINDOWS\system32\KERNELBASE.dll
[0622/234548:ERROR:process_reader_win.cc(233)] ReadMemory at 0x7ffe61110000 of 64 bytes failed: Only part of a ReadProcessMemory or WriteProcessMemory request was completed. (0x12B)
[0622/234548:WARNING:pe_image_reader.cc(281)] could not read dos header from C:\WINDOWS\system32\KERNEL32.DLL
[0622/234548:ERROR:process_reader_win.cc(233)] ReadMemory at 0x7ffe611c0000 of 64 bytes failed: Only part of a ReadProcessMemory or WriteProcessMemory request was completed. (0x12B)
[0622/234548:WARNING:pe_image_reader.cc(281)] could not read dos header from C:\WINDOWS\system32\msvcrt.dll
[0622/234548:ERROR:process_reader_win.cc(233)] ReadMemory at 0x7ffe62f60000 of 64 bytes failed: Only part of a ReadProcessMemory or WriteProcessMemory request was completed. (0x12B)
[0622/234548:WARNING:pe_image_reader.cc(281)] could not read dos header from C:\WINDOWS\system32\RPCRT4.dll
[0622/234548:ERROR:process_reader_win.cc(233)] ReadMemory at 0x7ffe61820000 of 64 bytes failed: Only part of a ReadProcessMemory or WriteProcessMemory request was completed. (0x12B)
[0622/234548:WARNING:pe_image_reader.cc(281)] could not read dos header from C:\WINDOWS\system32\sechost.dll
[0622/234548:ERROR:process_reader_win.cc(233)] ReadMemory at 0x7ffe612c0000 of 64 bytes failed: Only part of a ReadProcessMemory or WriteProcessMemory request was completed. (0x12B)
[0622/234548:WARNING:pe_image_reader.cc(281)] could not read dos header from C:\WINDOWS\system32\ADVAPI32.dll
[0622/234548:ERROR:process_reader_win.cc(233)] ReadMemory at 0x7ffe60320000 of 64 bytes failed: Only part of a ReadProcessMemory or WriteProcessMemory request was completed. (0x12B)
[0622/234548:WARNING:pe_image_reader.cc(281)] could not read dos header from C:\WINDOWS\system32\bcryptPrimitives.dll
[0622/234548:ERROR:process_reader_win.cc(233)] ReadMemory at 0x7ffe5f7d0000 of 64 bytes failed: Only part of a ReadProcessMemory or WriteProcessMemory request was completed. (0x12B)
[0622/234548:WARNING:pe_image_reader.cc(281)] could not read dos header from C:\WINDOWS\SYSTEM32\CRYPTBASE.DLL
[0622/234548:ERROR:process_reader_win.cc(233)] ReadMemory at 0x7ffe55000000 of 64 bytes failed: Only part of a ReadProcessMemory or WriteProcessMemory request was completed. (0x12B)
[0622/234548:WARNING:pe_image_reader.cc(281)] could not read dos header from C:\Program Files (x86)\Google\Chrome\Application\52.0.2743.41\chrome_elf.dll
[0622/234548:ERROR:process_reader_win.cc(233)] ReadMemory at 0x7ffe5d3c0000 of 64 bytes failed: Only part of a ReadProcessMemory or WriteProcessMemory request was completed. (0x12B)
[0622/234548:WARNING:pe_image_reader.cc(281)] could not read dos header from C:\WINDOWS\SYSTEM32\VERSION.dll
[0622/234548:ERROR:process_reader_win.cc(233)] ReadMemory at 0x7ffe5fe80000 of 64 bytes failed: Only part of a ReadProcessMemory or WriteProcessMemory request was completed. (0x12B)
[0622/234548:WARNING:pe_image_reader.cc(281)] could not read dos header from C:\WINDOWS\system32\cfgmgr32.dll
[0622/234548:ERROR:process_reader_win.cc(233)] ReadMemory at 0x7ffe5d8b0000 of 64 bytes failed: Only part of a ReadProcessMemory or WriteProcessMemory request was completed. (0x12B)
[0622/234548:WARNING:pe_image_reader.cc(281)] could not read dos header from C:\WINDOWS\SYSTEM32\WINMMBASE.dll
[0622/234548:ERROR:process_reader_win.cc(233)] ReadMemory at 0x7ffe634b0000 of 64 bytes failed: Only part of a ReadProcessMemory or WriteProcessMemory request was completed. (0x12B)
[0622/234548:WARNING:pe_image_reader.cc(281)] could not read dos header from C:\WINDOWS\system32\GDI32.dll
[0622/234548:ERROR:process_reader_win.cc(233)] ReadMemory at 0x7ffe61370000 of 64 bytes failed: Only part of a ReadProcessMemory or WriteProcessMemory request was completed. (0x12B)
[0622/234548:WARNING:pe_image_reader.cc(281)] could not read dos header from C:\WINDOWS\system32\USER32.dll
[0622/234548:ERROR:process_reader_win.cc(233)] ReadMemory at 0x7ffe618b0000 of 64 bytes failed: Only part of a ReadProcessMemory or WriteProcessMemory request was completed. (0x12B)
[0622/234548:WARNING:pe_image_reader.cc(281)] could not read dos header from C:\WINDOWS\system32\IMM32.DLL
[0622/234548:ERROR:process_reader_win.cc(233)] ReadMemory at 0x7ffe5d900000 of 64 bytes failed: Only part of a ReadProcessMemory or WriteProcessMemory request was completed. (0x12B)
[0622/234548:WARNING:pe_image_reader.cc(281)] could not read dos header from C:\WINDOWS\SYSTEM32\WINMM.dll
[0622/234548:ERROR:process_reader_win.cc(233)] ReadMemory at 0x7ffe5fda0000 of 64 bytes failed: Only part of a ReadProcessMemory or WriteProcessMemory request was completed. (0x12B)
[0622/234548:WARNING:pe_image_reader.cc(281)] could not read dos header from C:\WINDOWS\system32\profapi.dll
[0622/234548:ERROR:process_reader_win.cc(233)] ReadMemory at 0x7ffe5f490000 of 64 bytes failed: Only part of a ReadProcessMemory or WriteProcessMemory request was completed. (0x12B)
[0622/234548:WARNING:pe_image_reader.cc(281)] could not read dos header from C:\WINDOWS\SYSTEM32\USERENV.dll
[0622/234548:ERROR:process_reader_win.cc(233)] ReadMemory at 0x7ffe5e0c0000 of 64 bytes failed: Only part of a ReadProcessMemory or WriteProcessMemory request was completed. (0x12B)
[0622/234548:WARNING:pe_image_reader.cc(281)] could not read dos header from C:\WINDOWS\SYSTEM32\WTSAPI32.dll
[0622/234548:ERROR:process_reader_win.cc(233)] ReadMemory at 0x7ffe5b690000 of 64 bytes failed: Only part of a ReadProcessMemory or WriteProcessMemory request was completed. (0x12B)
[0622/234548:WARNING:pe_image_reader.cc(281)] could not read dos header from C:\WINDOWS\SYSTEM32\WINHTTP.dll
[0622/234548:ERROR:process_reader_win.cc(233)] ReadMemory at 0x7ffe63080000 of 64 bytes failed: Only part of a ReadProcessMemory or WriteProcessMemory request was completed. (0x12B)
[0622/234548:WARNING:pe_image_reader.cc(281)] could not read dos header from C:\WINDOWS\system32\combase.dll
[0622/234548:ERROR:process_reader_win.cc(233)] ReadMemory at 0x7ffe61260000 of 64 bytes failed: Only part of a ReadProcessMemory or WriteProcessMemory request was completed. (0x12B)
[0622/234548:WARNING:pe_image_reader.cc(281)] could not read dos header from C:\WINDOWS\system32\shlwapi.dll
[0622/234548:ERROR:process_reader_win.cc(233)] ReadMemory at 0x7ffe5fd90000 of 64 bytes failed: Only part of a ReadProcessMemory or WriteProcessMemory request was completed. (0x12B)
[0622/234548:WARNING:pe_image_reader.cc(281)] could not read dos header from C:\WINDOWS\system32\kernel.appcore.dll
[0622/234548:ERROR:process_reader_win.cc(233)] ReadMemory at 0x7ffe5fdc0000 of 64 bytes failed: Only part of a ReadProcessMemory or WriteProcessMemory request was completed. (0x12B)
[0622/234548:WARNING:pe_image_reader.cc(281)] could not read dos header from C:\WINDOWS\system32\shcore.dll
[0622/234548:ERROR:process_reader_win.cc(233)] ReadMemory at 0x7ffe5fd40000 of 64 bytes failed: Only part of a ReadProcessMemory or WriteProcessMemory request was completed. (0x12B)
[0622/234548:WARNING:pe_image_reader.cc(281)] could not read dos header from C:\WINDOWS\system32\powrprof.dll
[0622/234548:ERROR:process_reader_win.cc(233)] ReadMemory at 0x7ffe604c0000 of 64 bytes failed: Only part of a ReadProcessMemory or WriteProcessMemory request was completed. (0x12B)
[0622/234548:WARNING:pe_image_reader.cc(281)] could not read dos header from C:\WINDOWS\system32\windows.storage.dll
[0622/234548:ERROR:process_reader_win.cc(233)] ReadMemory at 0x7ffe619a0000 of 64 bytes failed: Only part of a ReadProcessMemory or WriteProcessMemory request was completed. (0x12B)
[0622/234548:WARNING:pe_image_reader.cc(281)] could not read dos header from C:\WINDOWS\system32\SHELL32.dll
[0622/234548:ERROR:process_reader_win.cc(233)] ReadMemory at 0x7ffe614d0000 of 64 bytes failed: Only part of a ReadProcessMemory or WriteProcessMemory request was completed. (0x12B)
[0622/234548:WARNING:pe_image_reader.cc(281)] could not read dos header from C:\WINDOWS\system32\PSAPI.DLL
[0622/234548:ERROR:process_reader_win.cc(233)] ReadMemory at 0x7ffe5fc60000 of 64 bytes failed: Only part of a ReadProcessMemory or WriteProcessMemory request was completed. (0x12B)
[0622/234548:WARNING:pe_image_reader.cc(281)] could not read dos header from C:\WINDOWS\SYSTEM32\bcrypt.dll
[0622/234548:ERROR:process_reader_win.cc(233)] ReadMemory at 0x7ffe5cd60000 of 64 bytes failed: Only part of a ReadProcessMemory or WriteProcessMemory request was completed. (0x12B)
[0622/234548:WARNING:pe_image_reader.cc(281)] could not read dos header from C:\WINDOWS\SYSTEM32\WINSPOOL.DRV
[0622/234548:ERROR:process_reader_win.cc(233)] ReadMemory at 0x7ffe5d140000 of 64 bytes failed: Only part of a ReadProcessMemory or WriteProcessMemory request was completed. (0x12B)
[0622/234548:WARNING:pe_image_reader.cc(281)] could not read dos header from C:\WINDOWS\WinSxS\amd64_microsoft.windows.common-controls_6595b64144ccf1df_6.0.10586.0_none_8c15ae12515e1c22\COMCTL32.dll
[0622/234548:ERROR:process_reader_win.cc(233)] ReadMemory at 0x7ffe60290000 of 64 bytes failed: Only part of a ReadProcessMemory or WriteProcessMemory request was completed. (0x12B)
[0622/234548:WARNING:pe_image_reader.cc(281)] could not read dos header from C:\WINDOWS\system32\FirewallAPI.dll
[0622/234548:ERROR:process_reader_win.cc(233)] ReadMemory at 0x7ffe5eab0000 of 64 bytes failed: Only part of a ReadProcessMemory or WriteProcessMemory request was completed. (0x12B)
[0622/234548:WARNING:pe_image_reader.cc(281)] could not read dos header from C:\WINDOWS\system32\fwbase.dll
[0622/234548:ERROR:process_reader_win.cc(233)] ReadMemory at 0x7ffe60390000 of 64 bytes failed: Only part of a ReadProcessMemory or WriteProcessMemory request was completed. (0x12B)
[0622/234548:WARNING:pe_image_reader.cc(281)] could not read dos header from C:\WINDOWS\system32\NETAPI32.dll
[0622/234548:ERROR:process_reader_win.cc(233)] ReadMemory at 0x7ffe5d100000 of 64 bytes failed: Only part of a ReadProcessMemory or WriteProcessMemory request was completed. (0x12B)
[0622/234548:WARNING:pe_image_reader.cc(281)] could not read dos header from C:\WINDOWS\SYSTEM32\DAVHLPR.DLL
[0622/234548:ERROR:process_reader_win.cc(233)] ReadMemory at 0x7ffe614e0000 of 64 bytes failed: Only part of a ReadProcessMemory or WriteProcessMemory request was completed. (0x12B)
[0622/234548:WARNING:pe_image_reader.cc(281)] could not read dos header from C:\WINDOWS\system32\COMDLG32.dll
[0622/234548:ERROR:process_reader_win.cc(233)] ReadMemory at 0x7ffe60b90000 of 64 bytes failed: Only part of a ReadProcessMemory or WriteProcessMemory request was completed. (0x12B)
[0622/234548:WARNING:pe_image_reader.cc(281)] could not read dos header from C:\WINDOWS\system32\ole32.dll
[0622/234548:ERROR:process_reader_win.cc(233)] ReadMemory at 0x7ffe63640000 of 64 bytes failed: Only part of a ReadProcessMemory or WriteProcessMemory request was completed. (0x12B)
[0622/234548:WARNING:pe_image_reader.cc(281)] could not read dos header from C:\WINDOWS\system32\OLEAUT32.dll
[0622/234548:ERROR:process_reader_win.cc(233)] ReadMemory at 0x7ffe5b7c0000 of 64 bytes failed: Only part of a ReadProcessMemory or WriteProcessMemory request was completed. (0x12B)
[0622/234548:WARNING:pe_image_reader.cc(281)] could not read dos header from C:\WINDOWS\SYSTEM32\IPHLPAPI.DLL
[0622/234548:ERROR:process_reader_win.cc(233)] ReadMemory at 0x7ffe617b0000 of 64 bytes failed: Only part of a ReadProcessMemory or WriteProcessMemory request was completed. (0x12B)
[0622/234548:WARNING:pe_image_reader.cc(281)] could not read dos header from C:\WINDOWS\system32\WS2_32.dll
[0622/234548:ERROR:process_reader_win.cc(233)] ReadMemory at 0x7ffe57550000 of 64 bytes failed: Only part of a ReadProcessMemory or WriteProcessMemory request was completed. (0x12B)
[0622/234548:WARNING:pe_image_reader.cc(281)] could not read dos header from C:\WINDOWS\SYSTEM32\USP10.dll
[0622/234548:ERROR:process_reader_win.cc(233)] ReadMemory at 0x7ffe5fd30000 of 64 bytes failed: Only part of a ReadProcessMemory or WriteProcessMemory request was completed. (0x12B)
[0622/234548:WARNING:pe_image_reader.cc(281)] could not read dos header from C:\WINDOWS\system32\MSASN1.dll
[0622/234548:ERROR:process_reader_win.cc(233)] ReadMemory at 0x7ffe600c0000 of 64 bytes failed: Only part of a ReadProcessMemory or WriteProcessMemory request was completed. (0x12B)
[0622/234548:WARNING:pe_image_reader.cc(281)] could not read dos header from C:\WINDOWS\system32\CRYPT32.dll
[0622/234548:ERROR:process_reader_win.cc(233)] ReadMemory at 0x7ffe60460000 of 64 bytes failed: Only part of a ReadProcessMemory or WriteProcessMemory request was completed. (0x12B)
[0622/234548:WARNING:pe_image_reader.cc(281)] could not read dos header from C:\WINDOWS\system32\WINTRUST.dll
[0622/234548:ERROR:process_reader_win.cc(233)] ReadMemory at 0x7ffe5b760000 of 64 bytes failed: Only part of a ReadProcessMemory or WriteProcessMemory request was completed. (0x12B)
[0622/234548:WARNING:pe_image_reader.cc(281)] could not read dos header from C:\WINDOWS\SYSTEM32\Secur32.dll
[0622/234548:ERROR:process_reader_win.cc(233)] ReadMemory at 0x7ffe5f9b0000 of 64 bytes failed: Only part of a ReadProcessMemory or WriteProcessMemory request was completed. (0x12B)
[0622/234548:WARNING:pe_image_reader.cc(281)] could not read dos header from C:\WINDOWS\SYSTEM32\SSPICLI.DLL
[0622/234548:ERROR:process_reader_win.cc(233)] ReadMemory at 0x7ffe24f80000 of 64 bytes failed: Only part of a ReadProcessMemory or WriteProcessMemory request was completed. (0x12B)
[0622/234548:WARNING:pe_image_reader.cc(281)] could not read dos header from C:\Program Files (x86)\Google\Chrome\Application\52.0.2743.41\chrome_child.dll
[0622/234548:ERROR:process_reader_win.cc(233)] ReadMemory at 0x7ffe553e0000 of 64 bytes failed: Only part of a ReadProcessMemory or WriteProcessMemory request was completed. (0x12B)
[0622/234548:WARNING:pe_image_reader.cc(281)] could not read dos header from C:\WINDOWS\SYSTEM32\dwrite.dll
[0622/234548:ERROR:process_reader_win.cc(233)] ReadMemory at 0x7ff76c2f9170 of 12 bytes failed: Only part of a ReadProcessMemory or WriteProcessMemory request was completed. (0x12B)
[0622/234548:WARNING:process_snapshot_win.cc(104)] ReadMemory ExceptionInformation failed
[0622/234548:WARNING:crash_report_exception_handler.cc(60)] ProcessSnapshotWin::InitializeException failed
[0622/234548:ERROR:scoped_process_suspend.cc(38)] NtResumeProcess, ntstatus=-1073741558
